<?xml version="1.0" encoding="UTF-8"?>
<testsuite name="VehicleTest" tests="1" skipped="0" failures="0" errors="0" timestamp="2025-02-11T12:00:56" hostname="DESKTOP-2F9TN2V" time="0.098">
  <properties/>
  <testcase name="addToll_toString_equal()" classname="VehicleTest" time="0.098"/>
  <system-out><![CDATA[]]></system-out>
  <system-err><![CDATA[]]></system-err>
</testsuite>
